<?xml version="1.0" encoding="UTF-8"?>
<!-- Generated by org.testng.reporters.JUnitReportReporter -->
<testsuite hostname="Vinay-PC" failures="0" tests="1" name="VinayKumar.Tests.Admin_Subscription" time="18.781" errors="0" timestamp="2024-02-09T16:10:49 IST" skipped="0">
  <testcase classname="VinayKumar.Tests.Admin_Subscription" name="Subscription_Fee" time="18.781"/>
  <system-out/>
</testsuite> <!-- VinayKumar.Tests.Admin_Subscription -->
