<?xml version="1.0" encoding="UTF-8"?>
<!-- Generated by org.testng.reporters.JUnitReportReporter -->
<testsuite hostname="DESKTOP-119DQLS" failures="0" tests="1" name="VinayKumar.Tests.upskhill_demo" time="12.930" errors="0" timestamp="2024-01-21T16:40:35 IST" skipped="0">
  <testcase classname="VinayKumar.Tests.upskhill_demo" name="upskhill_Land" time="12.930"/>
</testsuite> <!-- VinayKumar.Tests.upskhill_demo -->
