<?xml version="1.0" encoding="UTF-8"?>
<!-- Generated by org.testng.reporters.JUnitReportReporter -->
<testsuite hostname="DESKTOP-119DQLS" failures="0" tests="1" name="VinayKumar.Tests.Login_Phone_Ins" time="17.557" errors="0" timestamp="2024-01-15T11:26:08 IST" skipped="0">
  <testcase classname="VinayKumar.Tests.Login_Phone_Ins" name="loginphone_Ins" time="17.557"/>
</testsuite> <!-- VinayKumar.Tests.Login_Phone_Ins -->
