<?xml version="1.0" encoding="UTF-8"?>
<!-- Generated by org.testng.reporters.JUnitReportReporter -->
<testsuite hostname="DESKTOP-119DQLS" failures="0" tests="1" name="VinayKumar.Tests.Login_Student" time="21.183" errors="0" timestamp="2024-01-21T16:40:35 IST" skipped="0">
  <testcase classname="VinayKumar.Tests.Login_Student" name="login_Stu" time="21.183"/>
</testsuite> <!-- VinayKumar.Tests.Login_Student -->
